AccessusUnity/Temp/gradleOut/launcher/build/intermediates/manifest_merge_blame_file/debug/manifest-merger-blame-debug-report.txt
1<?xml version="1.0" encoding="utf-8"?>
2<!-- GENERATED BY UNITY. REMOVE THIS COMMENT TO PREVENT OVERWRITING WHEN EXPORTING AGAIN -->
3<manifest xmlns:android="http://schemas.android.com/apk/res/android"
4    package="com.ReVeraInc.Accessuss"
5    android:installLocation="preferExternal"
6    android:versionCode="1"
7    android:versionName="0.1" >
8
9    <uses-sdk
10        android:minSdkVersion="28"
10-->src\main\AndroidManifest.xml
11        android:targetSdkVersion="30" />
11-->src\main\AndroidManifest.xml
12
13    <supports-screens
13-->src\main\AndroidManifest.xml:4:3-163
14        android:anyDensity="true"
14-->src\main\AndroidManifest.xml:4:135-160
15        android:largeScreens="true"
15-->src\main\AndroidManifest.xml:4:78-105
16        android:normalScreens="true"
16-->src\main\AndroidManifest.xml:4:49-77
17        android:smallScreens="true"
17-->src\main\AndroidManifest.xml:4:21-48
18        android:xlargeScreens="true" />
18-->src\main\AndroidManifest.xml:4:106-134
19
20    <uses-feature
20-->[:unityLibrary] AndroidManifest.xml:13:5-54
21        android:glEsVersion="0x00030000"
21-->[:unityLibrary] AndroidManifest.xml:13:19-51
22        android:required="true" />
22-->[:sdk:] AndroidManifest.xml:17:9-32
23
24    <uses-permission android:name="android.permission.INTERNET" />
24-->[:unityLibrary] AndroidManifest.xml:15:5-67
24-->[:unityLibrary] AndroidManifest.xml:15:22-64
25
26    <uses-feature
26-->[:unityLibrary] AndroidManifest.xml:17:5-19:36
27        android:name="android.hardware.touchscreen"
27-->[:unityLibrary] AndroidManifest.xml:18:9-52
28        android:required="false" />
28-->[:unityLibrary] AndroidManifest.xml:19:9-33
29    <uses-feature
29-->[:unityLibrary] AndroidManifest.xml:20:5-22:36
30        android:name="android.hardware.touchscreen.multitouch"
30-->[:unityLibrary] AndroidManifest.xml:21:9-63
31        android:required="false" />
31-->[:unityLibrary] AndroidManifest.xml:22:9-33
32    <uses-feature
32-->[:unityLibrary] AndroidManifest.xml:23:5-25:36
33        android:name="android.hardware.touchscreen.multitouch.distinct"
33-->[:unityLibrary] AndroidManifest.xml:24:9-72
34        android:required="false" />
34-->[:unityLibrary] AndroidManifest.xml:25:9-33
35
36    <uses-permission android:name="android.permission.CAMERA" />
36-->[:sdk:] AndroidManifest.xml:19:5-65
36-->[:sdk:] AndroidManifest.xml:19:22-62
37    <uses-permission android:name="android.permission.WRITE_EXTERNAL_STORAGE" />
37-->[:sdk:] AndroidManifest.xml:20:5-81
37-->[:sdk:] AndroidManifest.xml:20:22-78
38    <uses-permission android:name="android.permission.NFC" />
38-->[:sdk:] AndroidManifest.xml:22:5-62
38-->[:sdk:] AndroidManifest.xml:22:22-59
39
40    <application
40-->src\main\AndroidManifest.xml:5:3-116
41        android:appComponentFactory="androidx.core.app.CoreComponentFactory"
41-->[androidx.core:core:1.0.0] AndroidManifest.xml:22:18-86
42        android:debuggable="true"
43        android:extractNativeLibs="true"
43-->src\main\AndroidManifest.xml:5:16-48
44        android:icon="@mipmap/app_icon"
44-->src\main\AndroidManifest.xml:5:82-113
45        android:label="@string/app_name"
45-->src\main\AndroidManifest.xml:5:49-81
46        android:requestLegacyExternalStorage="true" >
46-->[:unityLibrary] AndroidManifest.xml:27:18-61
47        <activity
47-->[:unityLibrary] AndroidManifest.xml:28:9-48:20
48            android:name="com.unity3d.player.UnityPlayerActivity"
48-->[:unityLibrary] AndroidManifest.xml:29:13-66
49            android:configChanges="mcc|mnc|locale|touchscreen|keyboard|keyboardHidden|navigation|orientation|screenLayout|uiMode|screenSize|smallestScreenSize|fontScale|layoutDirection|density"
49-->[:unityLibrary] AndroidManifest.xml:30:13-194
50            android:hardwareAccelerated="false"
50-->[:unityLibrary] AndroidManifest.xml:31:13-48
51            android:launchMode="singleTask"
51-->[:unityLibrary] AndroidManifest.xml:32:13-44
52            android:resizeableActivity="false"
52-->[:unityLibrary] AndroidManifest.xml:33:13-47
53            android:screenOrientation="landscape"
53-->[:unityLibrary] AndroidManifest.xml:34:13-50
54            android:theme="@style/UnityThemeSelector" >
54-->[:unityLibrary] AndroidManifest.xml:35:13-54
55            <intent-filter>
55-->[:unityLibrary] AndroidManifest.xml:36:13-40:29
56                <action android:name="android.intent.action.MAIN" />
56-->[:unityLibrary] AndroidManifest.xml:37:17-69
56-->[:unityLibrary] AndroidManifest.xml:37:25-66
57
58                <category android:name="android.intent.category.LAUNCHER" />
58-->[:unityLibrary] AndroidManifest.xml:39:17-77
58-->[:unityLibrary] AndroidManifest.xml:39:27-74
59            </intent-filter>
60
61            <meta-data
61-->[:unityLibrary] AndroidManifest.xml:42:13-44:40
62                android:name="unityplayer.UnityActivity"
62-->[:unityLibrary] AndroidManifest.xml:43:17-57
63                android:value="true" />
63-->[:unityLibrary] AndroidManifest.xml:44:17-37
64            <meta-data
64-->[:unityLibrary] AndroidManifest.xml:45:13-47:40
65                android:name="android.notch_support"
65-->[:unityLibrary] AndroidManifest.xml:46:17-53
66                android:value="true" />
66-->[:unityLibrary] AndroidManifest.xml:47:17-37
67        </activity>
68
69        <meta-data
69-->[:unityLibrary] AndroidManifest.xml:50:9-52:33
70            android:name="unity.splash-mode"
70-->[:unityLibrary] AndroidManifest.xml:51:13-45
71            android:value="0" />
71-->[:unityLibrary] AndroidManifest.xml:52:13-30
72        <meta-data
72-->[:unityLibrary] AndroidManifest.xml:53:9-55:36
73            android:name="unity.splash-enable"
73-->[:unityLibrary] AndroidManifest.xml:54:13-47
74            android:value="True" />
74-->[:unityLibrary] AndroidManifest.xml:55:13-33
75        <meta-data
75-->[:unityLibrary] AndroidManifest.xml:56:9-58:37
76            android:name="unity.allow-resizable-window"
76-->[:unityLibrary] AndroidManifest.xml:57:13-56
77            android:value="False" />
77-->[:unityLibrary] AndroidManifest.xml:58:13-34
78        <meta-data
78-->[:unityLibrary] AndroidManifest.xml:59:9-61:50
79            android:name="notch.config"
79-->[:unityLibrary] AndroidManifest.xml:60:13-40
80            android:value="portrait|landscape" />
80-->[:unityLibrary] AndroidManifest.xml:61:13-47
81        <meta-data
81-->[:unityLibrary] AndroidManifest.xml:62:9-64:68
82            android:name="unity.build-id"
82-->[:unityLibrary] AndroidManifest.xml:63:13-42
83            android:value="5b3a8833-5221-4471-9dfa-0b61da43a55a" />
83-->[:unityLibrary] AndroidManifest.xml:64:13-65
84
85        <activity
85-->[:sdk:] AndroidManifest.xml:25:9-29:66
86            android:name="com.google.cardboard.sdk.QrCodeCaptureActivity"
86-->[:sdk:] AndroidManifest.xml:26:13-74
87            android:exported="false"
87-->[:sdk:] AndroidManifest.xml:27:13-37
88            android:label="@string/title_activity_qr_code_capture"
88-->[:sdk:] AndroidManifest.xml:28:13-67
89            android:theme="@style/Theme.AppCompat.NoActionBar" />
89-->[:sdk:] AndroidManifest.xml:29:13-63
90        <!--
91          Activity whose sole purpose is to update Cardboard device params when a Cardboard V1
92          NFC tag is detected.
93        -->
94        <activity
94-->[:sdk:] AndroidManifest.xml:35:9-48:20
95            android:name="com.google.cardboard.sdk.HeadsetDetectionActivity"
95-->[:sdk:] AndroidManifest.xml:36:13-77
96            android:exported="true"
96-->[:sdk:] AndroidManifest.xml:37:13-36
97            android:label="@string/headset_detection_activity_title" >
97-->[:sdk:] AndroidManifest.xml:38:13-69
98
99            <!-- Handles the Cardboard V1 NFC tag released at Google I/O 2014. -->
100            <intent-filter>
100-->[:sdk:] AndroidManifest.xml:41:13-47:29
101                <action android:name="android.nfc.action.NDEF_DISCOVERED" />
101-->[:sdk:] AndroidManifest.xml:42:17-77
101-->[:sdk:] AndroidManifest.xml:42:25-74
102
103                <category android:name="android.intent.category.DEFAULT" />
103-->[:sdk:] AndroidManifest.xml:44:17-76
103-->[:sdk:] AndroidManifest.xml:44:27-73
104
105                <data android:scheme="cardboard" />
105-->[:sdk:] AndroidManifest.xml:46:17-52
105-->[:sdk:] AndroidManifest.xml:46:23-49
106            </intent-filter>
107        </activity>
108        <activity
108-->[com.google.android.gms:play-services-base:15.0.1] AndroidManifest.xml:23:9-26:75
109            android:name="com.google.android.gms.common.api.GoogleApiActivity"
109-->[com.google.android.gms:play-services-base:15.0.1] AndroidManifest.xml:24:13-79
110            android:exported="false"
110-->[com.google.android.gms:play-services-base:15.0.1] AndroidManifest.xml:25:13-37
111            android:theme="@android:style/Theme.Translucent.NoTitleBar" />
111-->[com.google.android.gms:play-services-base:15.0.1] AndroidManifest.xml:26:13-72
112
113        <meta-data
113-->[com.google.android.gms:play-services-basement:15.0.1] AndroidManifest.xml:23:9-25:69
114            android:name="com.google.android.gms.version"
114-->[com.google.android.gms:play-services-basement:15.0.1] AndroidManifest.xml:24:13-58
115            android:value="@integer/google_play_services_version" />
115-->[com.google.android.gms:play-services-basement:15.0.1] AndroidManifest.xml:25:13-66
116    </application>
117
118</manifest>